<?xml version="1.0" encoding="UTF-8"?>
<testng-results skipped="0" failed="0" total="1" passed="1">
  <reporter-output>
  </reporter-output>
  <suite name="Suite" duration-ms="26498" started-at="2019-03-04T07:48:15Z" finished-at="2019-03-04T07:48:42Z">
    <groups>
      <group name="cucumber">
        <method signature="AbstractTestNGCucumberTests.feature(cucumber.api.testng.CucumberFeatureWrapper)[pri:0, instance:com.qa.runner.TestRunner@2b2948e2]" name="feature" class="cucumber.api.testng.AbstractTestNGCucumberTests"/>
      </group> <!-- cucumber -->
    </groups>
    <test name="Test" duration-ms="26498" started-at="2019-03-04T07:48:15Z" finished-at="2019-03-04T07:48:42Z">
      <class name="com.qa.runner.TestRunner">
        <test-method status="PASS" signature="setUpClass()[pri:0, instance:com.qa.runner.TestRunner@2b2948e2]" name="setUpClass" is-config="true" duration-ms="472" started-at="2019-03-04T13:18:15Z" finished-at="2019-03-04T13:18:16Z">
          <reporter-output>
          </reporter-output>
        </test-method> <!-- setUpClass -->
        <test-method status="PASS" signature="feature(cucumber.api.testng.CucumberFeatureWrapper)[pri:0, instance:com.qa.runner.TestRunner@2b2948e2]" name="feature" duration-ms="25370" started-at="2019-03-04T13:18:16Z" description="Runs Cucumber Feature" data-provider="features" finished-at="2019-03-04T13:18:41Z">
          <params>
            <param index="0">
              <value>
                <![CDATA[GovernancePortal Application Test]]>
              </value>
            </param>
          </params>
          <reporter-output>
          </reporter-output>
        </test-method> <!-- feature -->
        <test-method status="PASS" signature="tearDownClass()[pri:0, instance:com.qa.runner.TestRunner@2b2948e2]" name="tearDownClass" is-config="true" duration-ms="453" started-at="2019-03-04T13:18:41Z" finished-at="2019-03-04T13:18:42Z">
          <reporter-output>
          </reporter-output>
        </test-method> <!-- tearDownClass -->
      </class> <!-- com.qa.runner.TestRunner -->
    </test> <!-- Test -->
  </suite> <!-- Suite -->
</testng-results>
